<?xml version="1.0" encoding="UTF-8"?>
<!-- Generated by org.testng.reporters.JUnitReportReporter -->
<testsuite hostname="DESKTOP-G5NHGS5" failures="0" tests="2" name="selenium_project.tests.ErrorValidations" time="10.473" errors="0" timestamp="2025-05-21T11:50:19 IST" skipped="0">
  <testcase classname="selenium_project.tests.ErrorValidations" name="loginErrorValidation" time="4.056"/>
  <testcase classname="selenium_project.tests.ErrorValidations" name="productVerificationValidations" time="6.417"/>
</testsuite> <!-- selenium_project.tests.ErrorValidations -->
