<?xml version="1.0" encoding="UTF-8"?>
<!-- Generated by org.testng.reporters.JUnitReportReporter -->
<testsuite hostname="DESKTOP-G5NHGS5" failures="0" tests="4" name="selenium_project.tests.StandAloneTest" time="28.461" errors="0" timestamp="2025-05-21T11:50:19 IST" skipped="0">
  <testcase classname="selenium_project.tests.StandAloneTest" name="SubmitOrder" time="7.735"/>
  <testcase classname="selenium_project.tests.StandAloneTest" name="SubmitOrder" time="11.736"/>
  <testcase classname="selenium_project.tests.StandAloneTest" name="OrderHistoryTest" time="4.361"/>
  <testcase classname="selenium_project.tests.StandAloneTest" name="OrderHistoryTest" time="4.629"/>
</testsuite> <!-- selenium_project.tests.StandAloneTest -->
