<?xml version="1.0" encoding="UTF-8"?>
<!-- Generated by org.testng.reporters.JUnitReportReporter -->
<testsuite hostname="DESKTOP-G5NHGS5" failures="0" tests="1" name="selenium_project.cucumber.TestNGTestRunner" time="6.668" errors="0" timestamp="2025-05-21T23:38:23 IST" skipped="0">
  <testcase classname="selenium_project.cucumber.TestNGTestRunner" name="runScenario" time="6.668"/>
</testsuite> <!-- selenium_project.cucumber.TestNGTestRunner -->
